{"/Users/ibrahim/Documents/Cours Ci 2026/src/App.js": {"path":"/Users/ibrahim/Documents/Cours Ci 2026/src/App.js","statementMap":{"0":{"start":{"line":9,"column":28},"end":{"line":9,"column":40}},"1":{"start":{"line":10,"column":28},"end":{"line":10,"column":80}},"2":{"start":{"line":11,"column":32},"end":{"line":11,"column":46}},"3":{"start":{"line":13,"column":21},"end":{"line":24,"column":13}},"4":{"start":{"line":14,"column":4},"end":{"line":14,"column":21}},"5":{"start":{"line":15,"column":4},"end":{"line":23,"column":9}},"6":{"start":{"line":17,"column":8},"end":{"line":17,"column":23}},"7":{"start":{"line":18,"column":8},"end":{"line":18,"column":26}},"8":{"start":{"line":21,"column":8},"end":{"line":21,"column":81}},"9":{"start":{"line":22,"column":8},"end":{"line":22,"column":26}},"10":{"start":{"line":26,"column":2},"end":{"line":28,"column":19}},"11":{"start":{"line":27,"column":4},"end":{"line":27,"column":17}},"12":{"start":{"line":30,"column":22},"end":{"line":33,"column":3}},"13":{"start":{"line":31,"column":4},"end":{"line":31,"column":23}},"14":{"start":{"line":32,"column":4},"end":{"line":32,"column":49}},"15":{"start":{"line":35,"column":23},"end":{"line":38,"column":3}},"16":{"start":{"line":36,"column":4},"end":{"line":36,"column":19}},"17":{"start":{"line":37,"column":4},"end":{"line":37,"column":42}},"18":{"start":{"line":40,"column":2},"end":{"line":55,"column":4}}},"fnMap":{"0":{"name":"App","decl":{"start":{"line":8,"column":9},"end":{"line":8,"column":12}},"loc":{"start":{"line":8,"column":15},"end":{"line":56,"column":1}},"line":8},"1":{"name":"(anonymous_1)","decl":{"start":{"line":13,"column":33},"end":{"line":13,"column":34}},"loc":{"start":{"line":13,"column":39},"end":{"line":24,"column":3}},"line":13},"2":{"name":"(anonymous_2)","decl":{"start":{"line":16,"column":12},"end":{"line":16,"column":13}},"loc":{"start":{"line":16,"column":20},"end":{"line":19,"column":7}},"line":16},"3":{"name":"(anonymous_3)","decl":{"start":{"line":20,"column":13},"end":{"line":20,"column":14}},"loc":{"start":{"line":20,"column":22},"end":{"line":23,"column":7}},"line":20},"4":{"name":"(anonymous_4)","decl":{"start":{"line":26,"column":12},"end":{"line":26,"column":13}},"loc":{"start":{"line":26,"column":18},"end":{"line":28,"column":3}},"line":26},"5":{"name":"(anonymous_5)","decl":{"start":{"line":30,"column":22},"end":{"line":30,"column":23}},"loc":{"start":{"line":30,"column":36},"end":{"line":33,"column":3}},"line":30},"6":{"name":"(anonymous_6)","decl":{"start":{"line":35,"column":23},"end":{"line":35,"column":24}},"loc":{"start":{"line":35,"column":29},"end":{"line":38,"column":3}},"line":35}},"branchMap":{"0":{"loc":{"start":{"line":10,"column":37},"end":{"line":10,"column":79}},"type":"binary-expr","locations":[{"start":{"line":10,"column":37},"end":{"line":10,"column":71}},{"start":{"line":10,"column":75},"end":{"line":10,"column":79}}],"line":10},"1":{"loc":{"start":{"line":44,"column":7},"end":{"line":48,"column":7}},"type":"cond-expr","locations":[{"start":{"line":45,"column":8},"end":{"line":45,"column":79}},{"start":{"line":47,"column":8},"end":{"line":47,"column":75}}],"line":44}},"s":{"0":13,"1":13,"2":13,"3":13,"4":7,"5":7,"6":6,"7":6,"8":1,"9":1,"10":13,"11":6,"12":13,"13":1,"14":1,"15":13,"16":1,"17":1,"18":13},"f":{"0":13,"1":7,"2":6,"3":1,"4":6,"5":1,"6":1},"b":{"0":[13,10],"1":[6,7]},"_coverageSchema":"1a1c01bbd47fc00a2c39e90264f33305004495a9","hash":"0dbd656a4f9fe7d332e15725b8c601485e5b6b0e"}
,"/Users/ibrahim/Documents/Cours Ci 2026/src/components/AdminLogin/AdminLogin.js": {"path":"/Users/ibrahim/Documents/Cours Ci 2026/src/components/AdminLogin/AdminLogin.js","statementMap":{"0":{"start":{"line":5,"column":19},"end":{"line":55,"column":1}},"1":{"start":{"line":6,"column":28},"end":{"line":6,"column":40}},"2":{"start":{"line":7,"column":34},"end":{"line":7,"column":46}},"3":{"start":{"line":8,"column":28},"end":{"line":8,"column":42}},"4":{"start":{"line":10,"column":23},"end":{"line":21,"column":3}},"5":{"start":{"line":11,"column":4},"end":{"line":11,"column":23}},"6":{"start":{"line":12,"column":4},"end":{"line":12,"column":19}},"7":{"start":{"line":13,"column":4},"end":{"line":20,"column":5}},"8":{"start":{"line":14,"column":19},"end":{"line":14,"column":52}},"9":{"start":{"line":15,"column":6},"end":{"line":15,"column":33}},"10":{"start":{"line":16,"column":6},"end":{"line":16,"column":19}},"11":{"start":{"line":17,"column":6},"end":{"line":17,"column":22}},"12":{"start":{"line":19,"column":6},"end":{"line":19,"column":68}},"13":{"start":{"line":23,"column":2},"end":{"line":30,"column":3}},"14":{"start":{"line":24,"column":4},"end":{"line":29,"column":6}},"15":{"start":{"line":32,"column":2},"end":{"line":54,"column":4}},"16":{"start":{"line":40,"column":27},"end":{"line":40,"column":51}},"17":{"start":{"line":47,"column":27},"end":{"line":47,"column":54}}},"fnMap":{"0":{"name":"(anonymous_0)","decl":{"start":{"line":5,"column":19},"end":{"line":5,"column":20}},"loc":{"start":{"line":5,"column":53},"end":{"line":55,"column":1}},"line":5},"1":{"name":"(anonymous_1)","decl":{"start":{"line":10,"column":23},"end":{"line":10,"column":24}},"loc":{"start":{"line":10,"column":36},"end":{"line":21,"column":3}},"line":10},"2":{"name":"(anonymous_2)","decl":{"start":{"line":40,"column":20},"end":{"line":40,"column":21}},"loc":{"start":{"line":40,"column":27},"end":{"line":40,"column":51}},"line":40},"3":{"name":"(anonymous_3)","decl":{"start":{"line":47,"column":20},"end":{"line":47,"column":21}},"loc":{"start":{"line":47,"column":27},"end":{"line":47,"column":54}},"line":47}},"branchMap":{"0":{"loc":{"start":{"line":19,"column":15},"end":{"line":19,"column":66}},"type":"binary-expr","locations":[{"start":{"line":19,"column":15},"end":{"line":19,"column":41}},{"start":{"line":19,"column":45},"end":{"line":19,"column":66}}],"line":19},"1":{"loc":{"start":{"line":23,"column":2},"end":{"line":30,"column":3}},"type":"if","locations":[{"start":{"line":23,"column":2},"end":{"line":30,"column":3}},{"start":{},"end":{}}],"line":23},"2":{"loc":{"start":{"line":52,"column":7},"end":{"line":52,"column":52}},"type":"binary-expr","locations":[{"start":{"line":52,"column":7},"end":{"line":52,"column":12}},{"start":{"line":52,"column":16},"end":{"line":52,"column":52}}],"line":52}},"s":{"0":2,"1":33,"2":33,"3":33,"4":33,"5":4,"6":4,"7":4,"8":4,"9":2,"10":2,"11":2,"12":2,"13":33,"14":4,"15":29,"16":4,"17":4},"f":{"0":33,"1":4,"2":4,"3":4},"b":{"0":[2,1],"1":[4,29],"2":[29,2]},"_coverageSchema":"1a1c01bbd47fc00a2c39e90264f33305004495a9","hash":"def8b22178b5de54babf2a955998a144d9445d4e"}
,"/Users/ibrahim/Documents/Cours Ci 2026/src/components/Registration/Registration.js": {"path":"/Users/ibrahim/Documents/Cours Ci 2026/src/components/Registration/Registration.js","statementMap":{"0":{"start":{"line":6,"column":25},"end":{"line":13,"column":1}},"1":{"start":{"line":16,"column":34},"end":{"line":16,"column":60}},"2":{"start":{"line":17,"column":30},"end":{"line":17,"column":42}},"3":{"start":{"line":18,"column":40},"end":{"line":18,"column":55}},"4":{"start":{"line":20,"column":23},"end":{"line":26,"column":3}},"5":{"start":{"line":21,"column":28},"end":{"line":21,"column":36}},"6":{"start":{"line":22,"column":4},"end":{"line":22,"column":54}},"7":{"start":{"line":22,"column":25},"end":{"line":22,"column":51}},"8":{"start":{"line":23,"column":4},"end":{"line":25,"column":5}},"9":{"start":{"line":24,"column":6},"end":{"line":24,"column":51}},"10":{"start":{"line":24,"column":25},"end":{"line":24,"column":48}},"11":{"start":{"line":28,"column":23},"end":{"line":39,"column":3}},"12":{"start":{"line":29,"column":22},"end":{"line":29,"column":24}},"13":{"start":{"line":30,"column":4},"end":{"line":30,"column":83}},"14":{"start":{"line":30,"column":42},"end":{"line":30,"column":83}},"15":{"start":{"line":31,"column":4},"end":{"line":31,"column":92}},"16":{"start":{"line":31,"column":45},"end":{"line":31,"column":92}},"17":{"start":{"line":32,"column":4},"end":{"line":32,"column":86}},"18":{"start":{"line":32,"column":39},"end":{"line":32,"column":86}},"19":{"start":{"line":33,"column":4},"end":{"line":33,"column":103}},"20":{"start":{"line":33,"column":42},"end":{"line":33,"column":103}},"21":{"start":{"line":34,"column":4},"end":{"line":34,"column":92}},"22":{"start":{"line":34,"column":44},"end":{"line":34,"column":92}},"23":{"start":{"line":35,"column":4},"end":{"line":35,"column":122}},"24":{"start":{"line":35,"column":46},"end":{"line":35,"column":122}},"25":{"start":{"line":37,"column":4},"end":{"line":37,"column":25}},"26":{"start":{"line":38,"column":4},"end":{"line":38,"column":47}},"27":{"start":{"line":42,"column":23},"end":{"line":42,"column":85}},"28":{"start":{"line":42,"column":60},"end":{"line":42,"column":84}},"29":{"start":{"line":44,"column":23},"end":{"line":70,"column":3}},"30":{"start":{"line":45,"column":4},"end":{"line":45,"column":23}},"31":{"start":{"line":46,"column":4},"end":{"line":69,"column":5}},"32":{"start":{"line":47,"column":6},"end":{"line":68,"column":7}},"33":{"start":{"line":48,"column":8},"end":{"line":48,"column":37}},"34":{"start":{"line":51,"column":8},"end":{"line":53,"column":9}},"35":{"start":{"line":52,"column":10},"end":{"line":52,"column":24}},"36":{"start":{"line":56,"column":8},"end":{"line":56,"column":29}},"37":{"start":{"line":57,"column":8},"end":{"line":57,"column":54}},"38":{"start":{"line":57,"column":25},"end":{"line":57,"column":46}},"39":{"start":{"line":60,"column":8},"end":{"line":60,"column":38}},"40":{"start":{"line":61,"column":8},"end":{"line":61,"column":22}},"41":{"start":{"line":63,"column":8},"end":{"line":67,"column":9}},"42":{"start":{"line":64,"column":10},"end":{"line":64,"column":78}},"43":{"start":{"line":64,"column":29},"end":{"line":64,"column":75}},"44":{"start":{"line":66,"column":10},"end":{"line":66,"column":46}},"45":{"start":{"line":72,"column":2},"end":{"line":116,"column":4}}},"fnMap":{"0":{"name":"Registration","decl":{"start":{"line":15,"column":24},"end":{"line":15,"column":36}},"loc":{"start":{"line":15,"column":54},"end":{"line":117,"column":1}},"line":15},"1":{"name":"(anonymous_1)","decl":{"start":{"line":20,"column":23},"end":{"line":20,"column":24}},"loc":{"start":{"line":20,"column":30},"end":{"line":26,"column":3}},"line":20},"2":{"name":"(anonymous_2)","decl":{"start":{"line":22,"column":16},"end":{"line":22,"column":17}},"loc":{"start":{"line":22,"column":25},"end":{"line":22,"column":51}},"line":22},"3":{"name":"(anonymous_3)","decl":{"start":{"line":24,"column":16},"end":{"line":24,"column":17}},"loc":{"start":{"line":24,"column":25},"end":{"line":24,"column":48}},"line":24},"4":{"name":"(anonymous_4)","decl":{"start":{"line":28,"column":23},"end":{"line":28,"column":24}},"loc":{"start":{"line":28,"column":29},"end":{"line":39,"column":3}},"line":28},"5":{"name":"(anonymous_5)","decl":{"start":{"line":42,"column":53},"end":{"line":42,"column":54}},"loc":{"start":{"line":42,"column":60},"end":{"line":42,"column":84}},"line":42},"6":{"name":"(anonymous_6)","decl":{"start":{"line":44,"column":23},"end":{"line":44,"column":24}},"loc":{"start":{"line":44,"column":36},"end":{"line":70,"column":3}},"line":44},"7":{"name":"(anonymous_7)","decl":{"start":{"line":57,"column":19},"end":{"line":57,"column":20}},"loc":{"start":{"line":57,"column":25},"end":{"line":57,"column":46}},"line":57},"8":{"name":"(anonymous_8)","decl":{"start":{"line":64,"column":20},"end":{"line":64,"column":21}},"loc":{"start":{"line":64,"column":29},"end":{"line":64,"column":75}},"line":64}},"branchMap":{"0":{"loc":{"start":{"line":23,"column":4},"end":{"line":25,"column":5}},"type":"if","locations":[{"start":{"line":23,"column":4},"end":{"line":25,"column":5}},{"start":{},"end":{}}],"line":23},"1":{"loc":{"start":{"line":30,"column":4},"end":{"line":30,"column":83}},"type":"if","locations":[{"start":{"line":30,"column":4},"end":{"line":30,"column":83}},{"start":{},"end":{}}],"line":30},"2":{"loc":{"start":{"line":31,"column":4},"end":{"line":31,"column":92}},"type":"if","locations":[{"start":{"line":31,"column":4},"end":{"line":31,"column":92}},{"start":{},"end":{}}],"line":31},"3":{"loc":{"start":{"line":32,"column":4},"end":{"line":32,"column":86}},"type":"if","locations":[{"start":{"line":32,"column":4},"end":{"line":32,"column":86}},{"start":{},"end":{}}],"line":32},"4":{"loc":{"start":{"line":33,"column":4},"end":{"line":33,"column":103}},"type":"if","locations":[{"start":{"line":33,"column":4},"end":{"line":33,"column":103}},{"start":{},"end":{}}],"line":33},"5":{"loc":{"start":{"line":34,"column":4},"end":{"line":34,"column":92}},"type":"if","locations":[{"start":{"line":34,"column":4},"end":{"line":34,"column":92}},{"start":{},"end":{}}],"line":34},"6":{"loc":{"start":{"line":35,"column":4},"end":{"line":35,"column":122}},"type":"if","locations":[{"start":{"line":35,"column":4},"end":{"line":35,"column":122}},{"start":{},"end":{}}],"line":35},"7":{"loc":{"start":{"line":42,"column":60},"end":{"line":42,"column":84}},"type":"binary-expr","locations":[{"start":{"line":42,"column":60},"end":{"line":42,"column":63}},{"start":{"line":42,"column":67},"end":{"line":42,"column":84}}],"line":42},"8":{"loc":{"start":{"line":46,"column":4},"end":{"line":69,"column":5}},"type":"if","locations":[{"start":{"line":46,"column":4},"end":{"line":69,"column":5}},{"start":{},"end":{}}],"line":46},"9":{"loc":{"start":{"line":51,"column":8},"end":{"line":53,"column":9}},"type":"if","locations":[{"start":{"line":51,"column":8},"end":{"line":53,"column":9}},{"start":{},"end":{}}],"line":51},"10":{"loc":{"start":{"line":63,"column":8},"end":{"line":67,"column":9}},"type":"if","locations":[{"start":{"line":63,"column":8},"end":{"line":67,"column":9}},{"start":{"line":65,"column":15},"end":{"line":67,"column":9}}],"line":63},"11":{"loc":{"start":{"line":63,"column":12},"end":{"line":63,"column":59}},"type":"binary-expr","locations":[{"start":{"line":63,"column":12},"end":{"line":63,"column":26}},{"start":{"line":63,"column":30},"end":{"line":63,"column":59}}],"line":63},"12":{"loc":{"start":{"line":74,"column":7},"end":{"line":74,"column":104}},"type":"binary-expr","locations":[{"start":{"line":74,"column":7},"end":{"line":74,"column":18}},{"start":{"line":74,"column":22},"end":{"line":74,"column":104}}],"line":74},"13":{"loc":{"start":{"line":80,"column":11},"end":{"line":80,"column":100}},"type":"binary-expr","locations":[{"start":{"line":80,"column":11},"end":{"line":80,"column":21}},{"start":{"line":80,"column":25},"end":{"line":80,"column":100}}],"line":80},"14":{"loc":{"start":{"line":86,"column":11},"end":{"line":86,"column":109}},"type":"binary-expr","locations":[{"start":{"line":86,"column":11},"end":{"line":86,"column":24}},{"start":{"line":86,"column":28},"end":{"line":86,"column":109}}],"line":86},"15":{"loc":{"start":{"line":92,"column":11},"end":{"line":92,"column":106}},"type":"binary-expr","locations":[{"start":{"line":92,"column":11},"end":{"line":92,"column":23}},{"start":{"line":92,"column":27},"end":{"line":92,"column":106}}],"line":92},"16":{"loc":{"start":{"line":98,"column":11},"end":{"line":98,"column":130}},"type":"binary-expr","locations":[{"start":{"line":98,"column":11},"end":{"line":98,"column":31}},{"start":{"line":98,"column":35},"end":{"line":98,"column":130}}],"line":98},"17":{"loc":{"start":{"line":104,"column":11},"end":{"line":104,"column":106}},"type":"binary-expr","locations":[{"start":{"line":104,"column":11},"end":{"line":104,"column":23}},{"start":{"line":104,"column":27},"end":{"line":104,"column":106}}],"line":104},"18":{"loc":{"start":{"line":110,"column":11},"end":{"line":110,"column":121}},"type":"binary-expr","locations":[{"start":{"line":110,"column":11},"end":{"line":110,"column":28}},{"start":{"line":110,"column":32},"end":{"line":110,"column":121}}],"line":110}},"s":{"0":2,"1":82,"2":82,"3":82,"4":82,"5":49,"6":49,"7":49,"8":49,"9":1,"10":1,"11":82,"12":7,"13":7,"14":2,"15":7,"16":1,"17":7,"18":1,"19":7,"20":1,"21":7,"22":1,"23":7,"24":1,"25":7,"26":7,"27":82,"28":287,"29":82,"30":7,"31":7,"32":5,"33":5,"34":3,"35":2,"36":3,"37":3,"38":2,"39":3,"40":3,"41":2,"42":1,"43":1,"44":1,"45":82},"f":{"0":82,"1":49,"2":49,"3":1,"4":7,"5":287,"6":7,"7":2,"8":1},"b":{"0":[1,48],"1":[2,5],"2":[1,6],"3":[1,6],"4":[1,6],"5":[1,6],"6":[1,6],"7":[287,222],"8":[5,2],"9":[2,1],"10":[1,1],"11":[2,1],"12":[82,3],"13":[82,2],"14":[82,1],"15":[82,2],"16":[82,1],"17":[82,1],"18":[82,1]},"_coverageSchema":"1a1c01bbd47fc00a2c39e90264f33305004495a9","hash":"08cd7da750cfa5b9aeeec51e610dc46224d4c44d"}
,"/Users/ibrahim/Documents/Cours Ci 2026/src/components/UserList/UserList.js": {"path":"/Users/ibrahim/Documents/Cours Ci 2026/src/components/UserList/UserList.js","statementMap":{"0":{"start":{"line":5,"column":17},"end":{"line":51,"column":1}},"1":{"start":{"line":6,"column":23},"end":{"line":15,"column":3}},"2":{"start":{"line":7,"column":4},"end":{"line":14,"column":5}},"3":{"start":{"line":8,"column":6},"end":{"line":13,"column":7}},"4":{"start":{"line":9,"column":8},"end":{"line":9,"column":36}},"5":{"start":{"line":10,"column":8},"end":{"line":10,"column":24}},"6":{"start":{"line":12,"column":8},"end":{"line":12,"column":47}},"7":{"start":{"line":17,"column":2},"end":{"line":50,"column":4}},"8":{"start":{"line":25,"column":12},"end":{"line":45,"column":17}},"9":{"start":{"line":40,"column":33},"end":{"line":40,"column":54}}},"fnMap":{"0":{"name":"(anonymous_0)","decl":{"start":{"line":5,"column":17},"end":{"line":5,"column":18}},"loc":{"start":{"line":5,"column":54},"end":{"line":51,"column":1}},"line":5},"1":{"name":"(anonymous_1)","decl":{"start":{"line":6,"column":23},"end":{"line":6,"column":24}},"loc":{"start":{"line":6,"column":37},"end":{"line":15,"column":3}},"line":6},"2":{"name":"(anonymous_2)","decl":{"start":{"line":24,"column":21},"end":{"line":24,"column":22}},"loc":{"start":{"line":25,"column":12},"end":{"line":45,"column":17}},"line":25},"3":{"name":"(anonymous_3)","decl":{"start":{"line":40,"column":27},"end":{"line":40,"column":28}},"loc":{"start":{"line":40,"column":33},"end":{"line":40,"column":54}},"line":40}},"branchMap":{"0":{"loc":{"start":{"line":7,"column":4},"end":{"line":14,"column":5}},"type":"if","locations":[{"start":{"line":7,"column":4},"end":{"line":14,"column":5}},{"start":{},"end":{}}],"line":7},"1":{"loc":{"start":{"line":20,"column":7},"end":{"line":48,"column":7}},"type":"cond-expr","locations":[{"start":{"line":21,"column":8},"end":{"line":21,"column":41}},{"start":{"line":23,"column":8},"end":{"line":47,"column":13}}],"line":20},"2":{"loc":{"start":{"line":29,"column":17},"end":{"line":35,"column":17}},"type":"binary-expr","locations":[{"start":{"line":29,"column":17},"end":{"line":29,"column":22}},{"start":{"line":30,"column":18},"end":{"line":34,"column":24}}],"line":29},"3":{"loc":{"start":{"line":37,"column":15},"end":{"line":44,"column":15}},"type":"binary-expr","locations":[{"start":{"line":37,"column":15},"end":{"line":37,"column":20}},{"start":{"line":38,"column":16},"end":{"line":43,"column":25}}],"line":37}},"s":{"0":2,"1":13,"2":3,"3":2,"4":2,"5":1,"6":1,"7":13,"8":9,"9":3},"f":{"0":13,"1":3,"2":9,"3":3},"b":{"0":[2,1],"1":[6,7],"2":[9,4],"3":[9,4]},"_coverageSchema":"1a1c01bbd47fc00a2c39e90264f33305004495a9","hash":"254ffd61bd5a8c5161b51d1143e72edfa1d0d143"}
,"/Users/ibrahim/Documents/Cours Ci 2026/src/utils/api.js": {"path":"/Users/ibrahim/Documents/Cours Ci 2026/src/utils/api.js","statementMap":{"0":{"start":{"line":6,"column":16},"end":{"line":6,"column":112}},"1":{"start":{"line":8,"column":26},"end":{"line":11,"column":1}},"2":{"start":{"line":9,"column":19},"end":{"line":9,"column":54}},"3":{"start":{"line":10,"column":2},"end":{"line":10,"column":43}},"4":{"start":{"line":13,"column":24},"end":{"line":17,"column":1}},"5":{"start":{"line":14,"column":17},"end":{"line":14,"column":79}},"6":{"start":{"line":15,"column":19},"end":{"line":15,"column":62}},"7":{"start":{"line":16,"column":2},"end":{"line":16,"column":36}},"8":{"start":{"line":19,"column":28},"end":{"line":22,"column":1}},"9":{"start":{"line":20,"column":19},"end":{"line":20,"column":65}},"10":{"start":{"line":21,"column":2},"end":{"line":21,"column":23}},"11":{"start":{"line":24,"column":26},"end":{"line":27,"column":1}},"12":{"start":{"line":25,"column":19},"end":{"line":25,"column":76}},"13":{"start":{"line":26,"column":2},"end":{"line":26,"column":23}},"14":{"start":{"line":29,"column":26},"end":{"line":33,"column":1}},"15":{"start":{"line":30,"column":17},"end":{"line":30,"column":66}},"16":{"start":{"line":31,"column":19},"end":{"line":31,"column":71}},"17":{"start":{"line":32,"column":2},"end":{"line":32,"column":23}}},"fnMap":{"0":{"name":"(anonymous_0)","decl":{"start":{"line":8,"column":26},"end":{"line":8,"column":27}},"loc":{"start":{"line":8,"column":38},"end":{"line":11,"column":1}},"line":8},"1":{"name":"(anonymous_1)","decl":{"start":{"line":13,"column":24},"end":{"line":13,"column":25}},"loc":{"start":{"line":13,"column":48},"end":{"line":17,"column":1}},"line":13},"2":{"name":"(anonymous_2)","decl":{"start":{"line":19,"column":28},"end":{"line":19,"column":29}},"loc":{"start":{"line":19,"column":48},"end":{"line":22,"column":1}},"line":19},"3":{"name":"(anonymous_3)","decl":{"start":{"line":24,"column":26},"end":{"line":24,"column":27}},"loc":{"start":{"line":24,"column":53},"end":{"line":27,"column":1}},"line":24},"4":{"name":"(anonymous_4)","decl":{"start":{"line":29,"column":26},"end":{"line":29,"column":27}},"loc":{"start":{"line":29,"column":47},"end":{"line":33,"column":1}},"line":29}},"branchMap":{"0":{"loc":{"start":{"line":6,"column":16},"end":{"line":6,"column":112}},"type":"binary-expr","locations":[{"start":{"line":6,"column":16},"end":{"line":6,"column":45}},{"start":{"line":6,"column":49},"end":{"line":6,"column":112}}],"line":6},"1":{"loc":{"start":{"line":6,"column":69},"end":{"line":6,"column":110}},"type":"binary-expr","locations":[{"start":{"line":6,"column":69},"end":{"line":6,"column":102}},{"start":{"line":6,"column":106},"end":{"line":6,"column":110}}],"line":6},"2":{"loc":{"start":{"line":13,"column":31},"end":{"line":13,"column":43}},"type":"default-arg","locations":[{"start":{"line":13,"column":39},"end":{"line":13,"column":43}}],"line":13},"3":{"loc":{"start":{"line":14,"column":17},"end":{"line":14,"column":79}},"type":"cond-expr","locations":[{"start":{"line":14,"column":25},"end":{"line":14,"column":74}},{"start":{"line":14,"column":77},"end":{"line":14,"column":79}}],"line":14}},"s":{"0":7,"1":7,"2":2,"3":1,"4":7,"5":10,"6":10,"7":9,"8":7,"9":6,"10":4,"11":7,"12":5,"13":3,"14":7,"15":3,"16":3,"17":2},"f":{"0":2,"1":10,"2":6,"3":5,"4":3},"b":{"0":[7,6],"1":[6,1],"2":[2],"3":[2,8]},"_coverageSchema":"1a1c01bbd47fc00a2c39e90264f33305004495a9","hash":"bdb0390a2ca24ced1af427ca1b86afbf93315bbb"}
,"/Users/ibrahim/Documents/Cours Ci 2026/src/utils/validation.js": {"path":"/Users/ibrahim/Documents/Cours Ci 2026/src/utils/validation.js","statementMap":{"0":{"start":{"line":6,"column":28},"end":{"line":18,"column":1}},"1":{"start":{"line":7,"column":4},"end":{"line":7,"column":31}},"2":{"start":{"line":7,"column":22},"end":{"line":7,"column":31}},"3":{"start":{"line":8,"column":16},"end":{"line":8,"column":37}},"4":{"start":{"line":9,"column":18},"end":{"line":9,"column":28}},"5":{"start":{"line":10,"column":4},"end":{"line":10,"column":39}},"6":{"start":{"line":10,"column":30},"end":{"line":10,"column":39}},"7":{"start":{"line":12,"column":14},"end":{"line":12,"column":53}},"8":{"start":{"line":13,"column":14},"end":{"line":13,"column":47}},"9":{"start":{"line":14,"column":4},"end":{"line":16,"column":5}},"10":{"start":{"line":15,"column":8},"end":{"line":15,"column":14}},"11":{"start":{"line":17,"column":4},"end":{"line":17,"column":15}},"12":{"start":{"line":25,"column":23},"end":{"line":27,"column":1}},"13":{"start":{"line":26,"column":4},"end":{"line":26,"column":43}},"14":{"start":{"line":34,"column":30},"end":{"line":37,"column":1}},"15":{"start":{"line":35,"column":18},"end":{"line":35,"column":27}},"16":{"start":{"line":36,"column":4},"end":{"line":36,"column":31}},"17":{"start":{"line":46,"column":33},"end":{"line":50,"column":1}},"18":{"start":{"line":47,"column":4},"end":{"line":47,"column":48}},"19":{"start":{"line":47,"column":35},"end":{"line":47,"column":48}},"20":{"start":{"line":48,"column":18},"end":{"line":48,"column":38}},"21":{"start":{"line":49,"column":4},"end":{"line":49,"column":27}},"22":{"start":{"line":57,"column":28},"end":{"line":60,"column":1}},"23":{"start":{"line":58,"column":18},"end":{"line":58,"column":46}},"24":{"start":{"line":59,"column":4},"end":{"line":59,"column":29}}},"fnMap":{"0":{"name":"(anonymous_0)","decl":{"start":{"line":6,"column":28},"end":{"line":6,"column":29}},"loc":{"start":{"line":6,"column":45},"end":{"line":18,"column":1}},"line":6},"1":{"name":"(anonymous_1)","decl":{"start":{"line":25,"column":23},"end":{"line":25,"column":24}},"loc":{"start":{"line":25,"column":40},"end":{"line":27,"column":1}},"line":25},"2":{"name":"(anonymous_2)","decl":{"start":{"line":34,"column":30},"end":{"line":34,"column":31}},"loc":{"start":{"line":34,"column":43},"end":{"line":37,"column":1}},"line":34},"3":{"name":"(anonymous_3)","decl":{"start":{"line":46,"column":33},"end":{"line":46,"column":34}},"loc":{"start":{"line":46,"column":42},"end":{"line":50,"column":1}},"line":46},"4":{"name":"(anonymous_4)","decl":{"start":{"line":57,"column":28},"end":{"line":57,"column":29}},"loc":{"start":{"line":57,"column":39},"end":{"line":60,"column":1}},"line":57}},"branchMap":{"0":{"loc":{"start":{"line":7,"column":4},"end":{"line":7,"column":31}},"type":"if","locations":[{"start":{"line":7,"column":4},"end":{"line":7,"column":31}},{"start":{},"end":{}}],"line":7},"1":{"loc":{"start":{"line":10,"column":4},"end":{"line":10,"column":39}},"type":"if","locations":[{"start":{"line":10,"column":4},"end":{"line":10,"column":39}},{"start":{},"end":{}}],"line":10},"2":{"loc":{"start":{"line":14,"column":4},"end":{"line":16,"column":5}},"type":"if","locations":[{"start":{"line":14,"column":4},"end":{"line":16,"column":5}},{"start":{},"end":{}}],"line":14},"3":{"loc":{"start":{"line":14,"column":8},"end":{"line":14,"column":61}},"type":"binary-expr","locations":[{"start":{"line":14,"column":8},"end":{"line":14,"column":13}},{"start":{"line":14,"column":18},"end":{"line":14,"column":25}},{"start":{"line":14,"column":29},"end":{"line":14,"column":60}}],"line":14},"4":{"loc":{"start":{"line":47,"column":4},"end":{"line":47,"column":48}},"type":"if","locations":[{"start":{"line":47,"column":4},"end":{"line":47,"column":48}},{"start":{},"end":{}}],"line":47},"5":{"loc":{"start":{"line":47,"column":8},"end":{"line":47,"column":33}},"type":"binary-expr","locations":[{"start":{"line":47,"column":8},"end":{"line":47,"column":12}},{"start":{"line":47,"column":16},"end":{"line":47,"column":33}}],"line":47}},"s":{"0":3,"1":18,"2":3,"3":15,"4":15,"5":15,"6":1,"7":14,"8":14,"9":14,"10":2,"11":14,"12":3,"13":11,"14":3,"15":14,"16":14,"17":3,"18":33,"19":4,"20":29,"21":29,"22":3,"23":16,"24":16},"f":{"0":18,"1":11,"2":14,"3":33,"4":16},"b":{"0":[3,15],"1":[1,14],"2":[2,12],"3":[14,13,3],"4":[4,29],"5":[33,30]},"_coverageSchema":"1a1c01bbd47fc00a2c39e90264f33305004495a9","hash":"2a566784a964bd148733f6bc29eff2ceba3f3207"}
}
