TN:
SF:src/App.js
FN:8,App
FN:13,(anonymous_1)
FN:16,(anonymous_2)
FN:20,(anonymous_3)
FN:26,(anonymous_4)
FN:30,(anonymous_5)
FN:35,(anonymous_6)
FNF:7
FNH:7
FNDA:13,App
FNDA:7,(anonymous_1)
FNDA:6,(anonymous_2)
FNDA:1,(anonymous_3)
FNDA:6,(anonymous_4)
FNDA:1,(anonymous_5)
FNDA:1,(anonymous_6)
DA:9,13
DA:10,13
DA:11,13
DA:13,13
DA:14,7
DA:15,7
DA:17,6
DA:18,6
DA:21,1
DA:22,1
DA:26,13
DA:27,6
DA:30,13
DA:31,1
DA:32,1
DA:35,13
DA:36,1
DA:37,1
DA:40,13
LF:19
LH:19
BRDA:10,0,0,13
BRDA:10,0,1,10
BRDA:44,1,0,6
BRDA:44,1,1,7
BRF:4
BRH:4
end_of_record
TN:
SF:src/components/AdminLogin/AdminLogin.js
FN:5,(anonymous_0)
FN:10,(anonymous_1)
FN:40,(anonymous_2)
FN:47,(anonymous_3)
FNF:4
FNH:4
FNDA:33,(anonymous_0)
FNDA:4,(anonymous_1)
FNDA:4,(anonymous_2)
FNDA:4,(anonymous_3)
DA:5,2
DA:6,33
DA:7,33
DA:8,33
DA:10,33
DA:11,4
DA:12,4
DA:13,4
DA:14,4
DA:15,2
DA:16,2
DA:17,2
DA:19,2
DA:23,33
DA:24,4
DA:32,29
DA:40,4
DA:47,4
LF:18
LH:18
BRDA:19,0,0,2
BRDA:19,0,1,1
BRDA:23,1,0,4
BRDA:23,1,1,29
BRDA:52,2,0,29
BRDA:52,2,1,2
BRF:6
BRH:6
end_of_record
TN:
SF:src/components/Registration/Registration.js
FN:15,Registration
FN:20,(anonymous_1)
FN:22,(anonymous_2)
FN:24,(anonymous_3)
FN:28,(anonymous_4)
FN:42,(anonymous_5)
FN:44,(anonymous_6)
FN:57,(anonymous_7)
FN:64,(anonymous_8)
FNF:9
FNH:9
FNDA:82,Registration
FNDA:49,(anonymous_1)
FNDA:49,(anonymous_2)
FNDA:1,(anonymous_3)
FNDA:7,(anonymous_4)
FNDA:287,(anonymous_5)
FNDA:7,(anonymous_6)
FNDA:2,(anonymous_7)
FNDA:1,(anonymous_8)
DA:6,2
DA:16,82
DA:17,82
DA:18,82
DA:20,82
DA:21,49
DA:22,49
DA:23,49
DA:24,1
DA:28,82
DA:29,7
DA:30,7
DA:31,7
DA:32,7
DA:33,7
DA:34,7
DA:35,7
DA:37,7
DA:38,7
DA:42,287
DA:44,82
DA:45,7
DA:46,7
DA:47,5
DA:48,5
DA:51,3
DA:52,2
DA:56,3
DA:57,3
DA:60,3
DA:61,3
DA:63,2
DA:64,1
DA:66,1
DA:72,82
LF:35
LH:35
BRDA:23,0,0,1
BRDA:23,0,1,48
BRDA:30,1,0,2
BRDA:30,1,1,5
BRDA:31,2,0,1
BRDA:31,2,1,6
BRDA:32,3,0,1
BRDA:32,3,1,6
BRDA:33,4,0,1
BRDA:33,4,1,6
BRDA:34,5,0,1
BRDA:34,5,1,6
BRDA:35,6,0,1
BRDA:35,6,1,6
BRDA:42,7,0,287
BRDA:42,7,1,222
BRDA:46,8,0,5
BRDA:46,8,1,2
BRDA:51,9,0,2
BRDA:51,9,1,1
BRDA:63,10,0,1
BRDA:63,10,1,1
BRDA:63,11,0,2
BRDA:63,11,1,1
BRDA:74,12,0,82
BRDA:74,12,1,3
BRDA:80,13,0,82
BRDA:80,13,1,2
BRDA:86,14,0,82
BRDA:86,14,1,1
BRDA:92,15,0,82
BRDA:92,15,1,2
BRDA:98,16,0,82
BRDA:98,16,1,1
BRDA:104,17,0,82
BRDA:104,17,1,1
BRDA:110,18,0,82
BRDA:110,18,1,1
BRF:38
BRH:38
end_of_record
TN:
SF:src/components/UserList/UserList.js
FN:5,(anonymous_0)
FN:6,(anonymous_1)
FN:24,(anonymous_2)
FN:40,(anonymous_3)
FNF:4
FNH:4
FNDA:13,(anonymous_0)
FNDA:3,(anonymous_1)
FNDA:9,(anonymous_2)
FNDA:3,(anonymous_3)
DA:5,2
DA:6,13
DA:7,3
DA:8,2
DA:9,2
DA:10,1
DA:12,1
DA:17,13
DA:25,9
DA:40,3
LF:10
LH:10
BRDA:7,0,0,2
BRDA:7,0,1,1
BRDA:20,1,0,6
BRDA:20,1,1,7
BRDA:29,2,0,9
BRDA:29,2,1,4
BRDA:37,3,0,9
BRDA:37,3,1,4
BRF:8
BRH:8
end_of_record
TN:
SF:src/utils/api.js
FN:8,(anonymous_0)
FN:13,(anonymous_1)
FN:19,(anonymous_2)
FN:24,(anonymous_3)
FN:29,(anonymous_4)
FNF:5
FNH:5
FNDA:2,(anonymous_0)
FNDA:10,(anonymous_1)
FNDA:6,(anonymous_2)
FNDA:5,(anonymous_3)
FNDA:3,(anonymous_4)
DA:6,7
DA:8,7
DA:9,2
DA:10,1
DA:13,7
DA:14,10
DA:15,10
DA:16,9
DA:19,7
DA:20,6
DA:21,4
DA:24,7
DA:25,5
DA:26,3
DA:29,7
DA:30,3
DA:31,3
DA:32,2
LF:18
LH:18
BRDA:6,0,0,7
BRDA:6,0,1,6
BRDA:6,1,0,6
BRDA:6,1,1,1
BRDA:13,2,0,2
BRDA:14,3,0,2
BRDA:14,3,1,8
BRF:7
BRH:7
end_of_record
TN:
SF:src/utils/validation.js
FN:6,(anonymous_0)
FN:25,(anonymous_1)
FN:34,(anonymous_2)
FN:46,(anonymous_3)
FN:57,(anonymous_4)
FNF:5
FNH:5
FNDA:18,(anonymous_0)
FNDA:11,(anonymous_1)
FNDA:14,(anonymous_2)
FNDA:33,(anonymous_3)
FNDA:16,(anonymous_4)
DA:6,3
DA:7,18
DA:8,15
DA:9,15
DA:10,15
DA:12,14
DA:13,14
DA:14,14
DA:15,2
DA:17,14
DA:25,3
DA:26,11
DA:34,3
DA:35,14
DA:36,14
DA:46,3
DA:47,33
DA:48,29
DA:49,29
DA:57,3
DA:58,16
DA:59,16
LF:22
LH:22
BRDA:7,0,0,3
BRDA:7,0,1,15
BRDA:10,1,0,1
BRDA:10,1,1,14
BRDA:14,2,0,2
BRDA:14,2,1,12
BRDA:14,3,0,14
BRDA:14,3,1,13
BRDA:14,3,2,3
BRDA:47,4,0,4
BRDA:47,4,1,29
BRDA:47,5,0,33
BRDA:47,5,1,30
BRF:13
BRH:13
end_of_record
